{"/Users/oscar/MakerAcademy/week10/bank_tech_test/src/bankAccount.js":{"path":"/Users/oscar/MakerAcademy/week10/bank_tech_test/src/bankAccount.js","s":{"1":0,"2":0},"b":{},"f":{"1":0,"2":0},"fnMap":{"1":{"name":"(anonymous_1)","line":4,"loc":{"start":{"line":4,"column":13},"end":{"line":4,"column":16}}},"2":{"name":"(anonymous_2)","line":8,"loc":{"start":{"line":8,"column":14},"end":{"line":8,"column":17}}}},"statementMap":{"1":{"start":{"line":5,"column":4},"end":{"line":5,"column":22}},"2":{"start":{"line":9,"column":4},"end":{"line":9,"column":25}}},"branchMap":{}}}