{"/Users/oscar/MakerAcademy/week10/bank_tech_test/spec/bankAccountSpec.js":{"path":"/Users/oscar/MakerAcademy/week10/bank_tech_test/spec/bankAccountSpec.js","s":{"1":1,"2":0,"3":0,"4":0,"5":0,"6":0,"7":0,"8":0,"9":0,"10":0},"b":{},"f":{"1":0,"2":0,"3":0,"4":0,"5":0,"6":0},"fnMap":{"1":{"name":"(anonymous_1)","line":3,"loc":{"start":{"line":3,"column":20},"end":{"line":3,"column":32}}},"2":{"name":"(anonymous_2)","line":6,"loc":{"start":{"line":6,"column":13},"end":{"line":6,"column":25}}},"3":{"name":"(anonymous_3)","line":10,"loc":{"start":{"line":10,"column":26},"end":{"line":10,"column":38}}},"4":{"name":"(anonymous_4)","line":11,"loc":{"start":{"line":11,"column":50},"end":{"line":11,"column":62}}},"5":{"name":"(anonymous_5)","line":16,"loc":{"start":{"line":16,"column":27},"end":{"line":16,"column":39}}},"6":{"name":"(anonymous_6)","line":17,"loc":{"start":{"line":17,"column":30},"end":{"line":17,"column":42}}}},"statementMap":{"1":{"start":{"line":3,"column":0},"end":{"line":21,"column":3}},"2":{"start":{"line":4,"column":2},"end":{"line":4,"column":14}},"3":{"start":{"line":6,"column":2},"end":{"line":8,"column":5}},"4":{"start":{"line":7,"column":4},"end":{"line":7,"column":28}},"5":{"start":{"line":10,"column":2},"end":{"line":14,"column":5}},"6":{"start":{"line":11,"column":4},"end":{"line":13,"column":7}},"7":{"start":{"line":12,"column":6},"end":{"line":12,"column":42}},"8":{"start":{"line":16,"column":2},"end":{"line":20,"column":5}},"9":{"start":{"line":17,"column":4},"end":{"line":19,"column":7}},"10":{"start":{"line":18,"column":6},"end":{"line":18,"column":48}}},"branchMap":{}}}