{"/Users/oscar/MakerAcademy/week10/bank_tech_test/src/bankAccount.js":{"path":"/Users/oscar/MakerAcademy/week10/bank_tech_test/src/bankAccount.js","s":{"1":0,"2":0,"3":0,"4":0,"5":0,"6":0,"7":0,"8":0,"9":0,"10":0,"11":0,"12":0,"13":0,"14":0,"15":0,"16":0,"17":0},"b":{},"f":{"1":0,"2":0,"3":0,"4":0,"5":0,"6":0},"fnMap":{"1":{"name":"(anonymous_1)","line":4,"loc":{"start":{"line":4,"column":13},"end":{"line":4,"column":16}}},"2":{"name":"(anonymous_2)","line":12,"loc":{"start":{"line":12,"column":14},"end":{"line":12,"column":17}}},"3":{"name":"(anonymous_3)","line":16,"loc":{"start":{"line":16,"column":12},"end":{"line":16,"column":15}}},"4":{"name":"(anonymous_4)","line":21,"loc":{"start":{"line":21,"column":9},"end":{"line":21,"column":18}}},"5":{"name":"(anonymous_5)","line":33,"loc":{"start":{"line":33,"column":10},"end":{"line":33,"column":19}}},"6":{"name":"(anonymous_6)","line":66,"loc":{"start":{"line":66,"column":16},"end":{"line":66,"column":19}}}},"statementMap":{"1":{"start":{"line":5,"column":4},"end":{"line":5,"column":22}},"2":{"start":{"line":6,"column":4},"end":{"line":6,"column":28}},"3":{"start":{"line":7,"column":4},"end":{"line":7,"column":35}},"4":{"start":{"line":8,"column":4},"end":{"line":8,"column":36}},"5":{"start":{"line":9,"column":4},"end":{"line":9,"column":28}},"6":{"start":{"line":13,"column":4},"end":{"line":13,"column":25}},"7":{"start":{"line":17,"column":4},"end":{"line":17,"column":68}},"8":{"start":{"line":18,"column":4},"end":{"line":18,"column":60}},"9":{"start":{"line":22,"column":4},"end":{"line":22,"column":28}},"10":{"start":{"line":23,"column":4},"end":{"line":28,"column":25}},"11":{"start":{"line":29,"column":4},"end":{"line":29,"column":55}},"12":{"start":{"line":30,"column":4},"end":{"line":30,"column":37}},"13":{"start":{"line":34,"column":4},"end":{"line":34,"column":28}},"14":{"start":{"line":35,"column":4},"end":{"line":40,"column":25}},"15":{"start":{"line":41,"column":4},"end":{"line":41,"column":56}},"16":{"start":{"line":42,"column":4},"end":{"line":42,"column":38}},"17":{"start":{"line":67,"column":4},"end":{"line":71,"column":6}}},"branchMap":{}}}